1
00:00:00,000 --> 00:00:01,200
Alors, je sais pas si vous vous souvenez,

2
00:00:01,200 --> 00:00:02,400
mais il y a une semaine, je vous ai montré ça, c'est

3
00:00:02,480 --> 00:00:04,720
à dire d'innombrables photos de mes couilles en 4K full HD,

4
00:00:04,880 --> 00:00:06,800
Et je vous ai raconté que j'ai pris rendez-vous chez une urologue.

5
00:00:06,800 --> 00:00:08,240
L'urologue m'a dit il faut faire une échographie de la couille

6
00:00:08,240 --> 00:00:09,760
parce qu'il y a un petit problème à la burnasse.

7
00:00:09,760 --> 00:00:12,160
J'ai fait l'échographie je suis revenu chez l'urologue et donc là,

8
00:00:12,160 --> 00:00:14,080
c'était il y a vraiment 30 minutes, cette histoire.

9
00:00:14,080 --> 00:00:16,960
Donc, je suis arrivé dans le cabinet, j'ai montré mon échographie et directement,

10
00:00:17,120 --> 00:00:19,840
l'urologue en question, qu'on va appeler Sylvie, Sylvie m'a dit bah, j'avais raison,

11
00:00:20,000 --> 00:00:23,200
t'avais bien une épididymite qui est une infection de l'épididymes,

12
00:00:23,280 --> 00:00:25,600
ce qui est censé finalement créer du mospère.

13
00:00:25,600 --> 00:00:28,880
Bref, et Sylvie me dit mot pour mot, en regardant l'échographie j'avais raison.

14
00:00:29,120 --> 00:00:30,800
Donc, comme quoi, pas besoin d'échographie,

15
00:00:30,800 --> 00:00:32,160
il y a juste besoin de mes doigts magiques.

16
00:00:32,160 --> 00:00:35,040
Déjà, je me dis bizarre l'ambiance elle me dit mes doigts magiques, j'étais en mode.

17
00:00:35,040 --> 00:00:37,760
Bah, ok Sylvie mais euh, enfin je veux dire: tes doigts magiques.

18
00:00:37,760 --> 00:00:39,040
Comment ça? Dans quel sens, Sylvie?

19
00:00:39,040 --> 00:00:41,440
Bref, je suis en train de lui parler et tout machin, et elle me dit

20
00:00:41,680 --> 00:00:44,080
vous buvez de l'alcool, vous Mais d'un coup, comme ça, sans raison particulière,

21
00:00:44,240 --> 00:00:45,680
Je lui dis bah, écoute Sylvie je suis hyper vexé,

22
00:00:45,760 --> 00:00:47,520
parce que pourquoi tu me poses cette question:

23
00:00:47,520 --> 00:00:48,720
est-ce que j'ai l'air d'être un alcoolique?

24
00:00:48,720 --> 00:00:51,440
Est-ce que ma tête fait référence à un alcoolique quelconque?

25
00:00:51,520 --> 00:00:55,840
Elle me répond pas, et elle me dit va t'asseoir sur directement le banc, tout banc.

26
00:00:55,920 --> 00:01:00,880
Donc, je me mets sur le banc comme ça, là et elle me dit elle me dit allez comme ça.

27
00:01:00,880 --> 00:01:01,920
Elle me dit, mais je lui dis comment ça?

28
00:01:02,000 --> 00:01:02,960
Elle me dit allez, zip zip zip.

29
00:01:02,960 --> 00:01:04,720
On enlève ce pantalon et on monte son zizi.

30
00:01:04,720 --> 00:01:07,360
Je suis en mode. Bah, Sylvie du calme, parce que là, ça va trop vite entre nous.

31
00:01:07,440 --> 00:01:10,800
Donc, je me retrouve encore une fois, pour la énième fois, à poil devant

32
00:01:11,360 --> 00:01:13,440
quelqu'un du corps médical, mais je commence à avoir l'habitude.

33
00:01:13,520 --> 00:01:14,640
Et là, elle me dit je ne sais pas pourquoi,

34
00:01:14,640 --> 00:01:17,120
mais je me doute forcément, il fait froid.

35
00:01:17,120 --> 00:01:20,320
Non, Je lui dis bah, Sylvie là c'est désagréable.

36
00:01:20,320 --> 00:01:22,400
Pourquoi tu me dis ça? C'est à dire qu'en gros, je vous refais la scène.

37
00:01:22,480 --> 00:01:23,840
Je suis ce gagalère devant elle.

38
00:01:23,840 --> 00:01:25,680
Et elle me dit il fait froid.

39
00:01:26,800 --> 00:01:28,560
Je lui dis Sylvie, oui il fait froid.

40
00:01:28,560 --> 00:01:29,920
Apparemment, je vois pas où tu veux en venir.

41
00:01:30,080 --> 00:01:33,200
Bref, là à ce moment là, elle me dit avec quoi tu laves ton zizi.

42
00:01:33,280 --> 00:01:35,680
Et moi, je lui dis bah, avec du savon.

43
00:01:35,840 --> 00:01:38,480
Elle me dit wow, mais vous êtes malade.

44
00:01:38,480 --> 00:01:41,360
Je lui dis bah, Sylvie mais vous pétez un câble, Sylvie.

45
00:01:41,520 --> 00:01:45,120
Elle me dit faut le laver avec de l'eau, pas avec du savon.

46
00:01:45,120 --> 00:01:46,080
C'est pour ça que t'as une irritation.

47
00:01:46,080 --> 00:01:48,720
Parce que, oui j'ai une irritation aussi du gland. Voilà, j'ai une irritation.

48
00:01:48,800 --> 00:01:52,280
Bref, elle me dit bon, je vais te montrer comment on on fait pour faire ça.

49
00:01:52,400 --> 00:01:53,920
Je lui dis comment ça, s'il te va, Elle commence à prendre sa main.

50
00:01:53,920 --> 00:01:55,920
Elle me dit bon, alors d'abord faut frotter sur les poils plus bien.

51
00:01:55,920 --> 00:01:57,920
Donc, là elle me frotte les poils plus bien. Donc, à ce moment là,

52
00:01:58,080 --> 00:02:02,400
Je suis en train déjà de créer de la résistance en moi pour éviter de bander.

53
00:02:02,560 --> 00:02:04,960
Elle dit aussi: les couilles en dessous des couilles et tout.

54
00:02:04,960 --> 00:02:06,560
Donc là, elle me touche les yukus.

55
00:02:06,560 --> 00:02:09,600
Je suis en train de respirer très fort, je fais de l'hyperventilation.

56
00:02:09,600 --> 00:02:11,760
À ce moment là, Je suis comme ça, là elle me touche partout.

57
00:02:11,760 --> 00:02:13,600
Et là, elle me dit bon, alors laisse moi regarder, t'es qu'il t'es yuku.

58
00:02:13,840 --> 00:02:15,280
Donc, elle touche les yukus, elle malaxe D'ailleurs,

59
00:02:15,280 --> 00:02:16,800
ça fait un peu de bien pour pas te mentir, Sylvie.

60
00:02:16,960 --> 00:02:20,000
Et là, d'un coup, elle me dit bon, laisse moi regarder ton gland,

61
00:02:20,800 --> 00:02:22,320
Sans même prévenir, elle le open.

62
00:02:22,400 --> 00:02:24,720
Comme ça, elle open le, elle open, elle open.

63
00:02:24,800 --> 00:02:27,200
Donc là, je me dis: oh, qu'est ce qui se passe, qu'est ce qui se passe directement.

64
00:02:27,280 --> 00:02:30,640
Je retiens tous mes chakras disponibles pour éviter de bander.

65
00:02:30,640 --> 00:02:31,680
T'es le mec qui prend l'accent.

66
00:02:31,680 --> 00:02:33,520
Enfin, bref Elle referme, elle regarde,

67
00:02:33,760 --> 00:02:34,960
elle rouvre, je suis en mode, oh là,

68
00:02:34,960 --> 00:02:36,480
t'es directement en train de me branler, Sylvie.

69
00:02:36,560 --> 00:02:38,080
Bref, elle referme. Elle me dit rabille toi.

70
00:02:38,080 --> 00:02:40,960
Voilà donc, on se retrouve comme ça, tous les deux devant son bureau.

71
00:02:41,440 --> 00:02:43,440
Et elle me dit bon, tu fais quoi dans la vie, toi un petit peu là.

72
00:02:43,520 --> 00:02:44,720
Je lui dis Sylvie, là ça va trop vite.

73
00:02:44,720 --> 00:02:46,160
C'est un date ou c'est un rendez vous médical?

74
00:02:46,240 --> 00:02:48,880
Je lui dis bah, je suis sur les réseaux, quelle erreur. Elle a noté mon prénom.

75
00:02:48,880 --> 00:02:52,160
Elle m'a dit je vais regarder tes vidéos, Sylvie je ne parle pas.

76
00:02:52,160 --> 00:02:54,320
Enfin, tu enfin, c'est c'est enfin.

77
00:02:54,320 --> 00:02:56,400
Sylvie, si tu mets un commentaire, c'est relou, je te le dis d'abord.


Saved to /Users/brett/Documents/GitHub/fr-tiktok/tk-srt-merger/output.srt
